Reading netlist file: "/home/tallguydesi/Documents/GitHub/Dino-Game-128x64-OLED-using-FPGA/impl/gwsynthesis/Functional_60FPS.vg"
Parsing netlist file "/home/tallguydesi/Documents/GitHub/Dino-Game-128x64-OLED-using-FPGA/impl/gwsynthesis/Functional_60FPS.vg" completed
Processing netlist completed
Reading constraint file: "/home/tallguydesi/Documents/GitHub/Dino-Game-128x64-OLED-using-FPGA/src/Functional_60FPS.cst"
Physical Constraint parsed completed
Running placement......
[10%] Placement Phase 0 completed
[20%] Placement Phase 1 completed
[30%] Placement Phase 2 completed
WARN  (TA1132) :  'clk' was determined to be a clock but was not created.
WARN  (TA1132) :  'frameNumbers[0]' was determined to be a clock but was not created.
[50%] Placement Phase 3 completed
Running routing......
[60%] Routing Phase 0 completed
[70%] Routing Phase 1 completed
[80%] Routing Phase 2 completed
[90%] Routing Phase 3 completed
Running timing analysis......
[95%] Timing analysis completed
Placement and routing completed
Bitstream generation in progress......
Bitstream generation completed
Running power analysis......
[100%] Power analysis completed
Generate file "/home/tallguydesi/Documents/GitHub/Dino-Game-128x64-OLED-using-FPGA/impl/pnr/Functional_60FPS.power.html" completed
Generate file "/home/tallguydesi/Documents/GitHub/Dino-Game-128x64-OLED-using-FPGA/impl/pnr/Functional_60FPS.pin.html" completed
Generate file "/home/tallguydesi/Documents/GitHub/Dino-Game-128x64-OLED-using-FPGA/impl/pnr/Functional_60FPS.rpt.html" completed
Generate file "/home/tallguydesi/Documents/GitHub/Dino-Game-128x64-OLED-using-FPGA/impl/pnr/Functional_60FPS.rpt.txt" completed
Generate file "/home/tallguydesi/Documents/GitHub/Dino-Game-128x64-OLED-using-FPGA/impl/pnr/Functional_60FPS.tr.html" completed
Wed May 28 23:26:09 2025

